<?xml version="1.0" encoding="UTF-8"?>
<testng-results ignored="1" total="5" passed="4" failed="0" skipped="0">
  <reporter-output>
  </reporter-output>
  <suite started-at="2023-03-04T13:22:52 IST" name="Suite" finished-at="2023-03-04T13:22:52 IST" duration-ms="74">
    <groups>
      <group name="SmokeTest">
        <method signature="Parameters.m1()[pri:0, instance:practice1.Parameters@6e0f5f7f]" name="m1" class="practice1.Parameters"/>
        <method signature="Sample2Test.m2()[pri:0, instance:practice1.Sample2Test@3ee37e5a]" name="m2" class="practice1.Sample2Test"/>
        <method signature="Sample4Test.m4()[pri:0, instance:practice1.Sample4Test@2ea41516]" name="m4" class="practice1.Sample4Test"/>
        <method signature="SampleTest.m1()[pri:0, instance:practice1.SampleTest@4fb3ee4e]" name="m1" class="practice1.SampleTest"/>
      </group> <!-- SmokeTest -->
      <group name="RegressionTest">
        <method signature="Sample4Test.m4()[pri:0, instance:practice1.Sample4Test@2ea41516]" name="m4" class="practice1.Sample4Test"/>
      </group> <!-- RegressionTest -->
    </groups>
    <test started-at="2023-03-04T13:22:52 IST" name="Test" finished-at="2023-03-04T13:22:52 IST" duration-ms="74">
      <class name="practice1.SampleTest">
        <test-method signature="m1()[pri:0, instance:practice1.SampleTest@4fb3ee4e]" started-at="2023-03-04T13:22:52 IST" name="m1" finished-at="2023-03-04T13:22:52 IST" duration-ms="8" status="PASS">
          <reporter-output>
          </reporter-output>
        </test-method> <!-- m1 -->
      </class> <!-- practice1.SampleTest -->
      <class name="practice1.Sample2Test">
        <test-method signature="m2()[pri:0, instance:practice1.Sample2Test@3ee37e5a]" started-at="2023-03-04T13:22:52 IST" name="m2" finished-at="2023-03-04T13:22:52 IST" duration-ms="2" status="PASS">
          <reporter-output>
          </reporter-output>
        </test-method> <!-- m2 -->
      </class> <!-- practice1.Sample2Test -->
      <class name="practice1.Parameters">
        <test-method signature="m1()[pri:0, instance:practice1.Parameters@6e0f5f7f]" started-at="2023-03-04T13:22:52 IST" name="m1" finished-at="2023-03-04T13:22:52 IST" duration-ms="2" status="PASS">
          <reporter-output>
          </reporter-output>
        </test-method> <!-- m1 -->
      </class> <!-- practice1.Parameters -->
      <class name="practice1.Sample4Test">
        <test-method signature="m4()[pri:0, instance:practice1.Sample4Test@2ea41516]" started-at="2023-03-04T13:22:52 IST" name="m4" finished-at="2023-03-04T13:22:52 IST" duration-ms="2" status="PASS">
          <reporter-output>
          </reporter-output>
        </test-method> <!-- m4 -->
      </class> <!-- practice1.Sample4Test -->
    </test> <!-- Test -->
  </suite> <!-- Suite -->
</testng-results>
