<?xml version="1.0" encoding="UTF-8"?>
<!-- Generated by org.testng.reporters.JUnitXMLReporter -->
<testsuite ignored="1" hostname="Dipti" failures="0" tests="4" name="Test" time="0.074" errors="0" timestamp="2023-03-04T13:22:52 IST">
  <testcase classname="practice1.SampleTest" name="m1" time="0.008"/>
  <testcase classname="practice1.Parameters" name="m1" time="0.002"/>
  <testcase classname="practice1.Sample2Test" name="m2" time="0.002"/>
  <testcase classname="practice1.Sample4Test" name="m4" time="0.002"/>
  <testcase classname="practice1.Sample3Test" name="m3" time="0.0">
    <ignored/>
  </testcase> <!-- m3 -->
</testsuite> <!-- Test -->
